<?xml version="1.0" encoding="UTF-8"?>
<testsuite name="ru.stqa.webtests.SearchtestTest" tests="1" skipped="0" failures="0" errors="0" timestamp="2022-09-02T06:23:30" hostname="VLAD-PC" time="15.753">
  <properties/>
  <testcase name="searchtest" classname="ru.stqa.webtests.SearchtestTest" time="15.753"/>
  <system-out><![CDATA[Web form
URL: https://www.selenium.dev/selenium/web/web-form.html
Time test method two
]]></system-out>
  <system-err><![CDATA[]]></system-err>
</testsuite>
