<?xml version="1.0" encoding="UTF-8"?>
<testsuite name="ru.stqa.webtests.SearchtestTest" tests="1" skipped="0" failures="0" errors="0" timestamp="2022-09-02T06:03:03" hostname="VLAD-PC" time="9.035">
  <properties/>
  <testcase name="searchtest" classname="ru.stqa.webtests.SearchtestTest" time="9.035"/>
  <system-out><![CDATA[Time test method two
]]></system-out>
  <system-err><![CDATA[]]></system-err>
</testsuite>
